L 1 "Source\Main\src\median_filter.cpp"
N#include "median_filter.h"
L 1 ".\Source\Main\inc\median_filter.h" 1
N#ifndef __MEDIAN_FILTER_H
N#define __MEDIAN_FILTER_H
N
N#include <stdint.h>
L 1 "C:\Keil_v5\ARM\ARMCC\Bin\..\include\stdint.h" 1
N/* Copyright (C) ARM Ltd., 1999,2014 */
N/* All rights reserved */
N
N/*
N * RCS $Revision$
N * Checkin $Date$
N * Revising $Author: agrant $
N */
N
N#ifndef __stdint_h
N#define __stdint_h
N#define __ARMCLIB_VERSION 5060019
N
N  #ifdef __INT64_TYPE__
S    /* armclang predefines '__INT64_TYPE__' and '__INT64_C_SUFFIX__' */
S    #define __INT64 __INT64_TYPE__
N  #else
N    /* armcc has builtin '__int64' which can be used in --strict mode */
N    #define __INT64 __int64
N    #define __INT64_C_SUFFIX__ ll
N  #endif
N  #define __PASTE2(x, y) x ## y
N  #define __PASTE(x, y) __PASTE2(x, y)
N  #define __INT64_C(x)  __ESCAPE__(__PASTE(x, __INT64_C_SUFFIX__))
N  #define __UINT64_C(x)  __ESCAPE__(__PASTE(x ## u, __INT64_C_SUFFIX__))
N  #if defined(__clang__) || (defined(__ARMCC_VERSION) && !defined(__STRICT_ANSI__))
X  #if 0L || (1L && !0L)
N    /* armclang and non-strict armcc allow 'long long' in system headers */
N    #define __LONGLONG long long
N  #else
S    /* strict armcc has '__int64' */
S    #define __LONGLONG __int64
N  #endif
N
N  #ifndef __STDINT_DECLS
N  #define __STDINT_DECLS
N
N    #undef __CLIBNS
N
N    #ifdef __cplusplus
N      namespace std {
N          #define __CLIBNS std::
N          extern "C" {
N    #else
S      #define __CLIBNS
N    #endif  /* __cplusplus */
N
N
N/*
N * 'signed' is redundant below, except for 'signed char' and if
N * the typedef is used to declare a bitfield.
N */
N
N    /* 7.18.1.1 */
N
N    /* exact-width signed integer types */
Ntypedef   signed          char int8_t;
Ntypedef   signed short     int int16_t;
Ntypedef   signed           int int32_t;
Ntypedef   signed       __INT64 int64_t;
Xtypedef   signed       __int64 int64_t;
N
N    /* exact-width unsigned integer types */
Ntypedef unsigned          char uint8_t;
Ntypedef unsigned short     int uint16_t;
Ntypedef unsigned           int uint32_t;
Ntypedef unsigned       __INT64 uint64_t;
Xtypedef unsigned       __int64 uint64_t;
N
N    /* 7.18.1.2 */
N
N    /* smallest type of at least n bits */
N    /* minimum-width signed integer types */
Ntypedef   signed          char int_least8_t;
Ntypedef   signed short     int int_least16_t;
Ntypedef   signed           int int_least32_t;
Ntypedef   signed       __INT64 int_least64_t;
Xtypedef   signed       __int64 int_least64_t;
N
N    /* minimum-width unsigned integer types */
Ntypedef unsigned          char uint_least8_t;
Ntypedef unsigned short     int uint_least16_t;
Ntypedef unsigned           int uint_least32_t;
Ntypedef unsigned       __INT64 uint_least64_t;
Xtypedef unsigned       __int64 uint_least64_t;
N
N    /* 7.18.1.3 */
N
N    /* fastest minimum-width signed integer types */
Ntypedef   signed           int int_fast8_t;
Ntypedef   signed           int int_fast16_t;
Ntypedef   signed           int int_fast32_t;
Ntypedef   signed       __INT64 int_fast64_t;
Xtypedef   signed       __int64 int_fast64_t;
N
N    /* fastest minimum-width unsigned integer types */
Ntypedef unsigned           int uint_fast8_t;
Ntypedef unsigned           int uint_fast16_t;
Ntypedef unsigned           int uint_fast32_t;
Ntypedef unsigned       __INT64 uint_fast64_t;
Xtypedef unsigned       __int64 uint_fast64_t;
N
N    /* 7.18.1.4 integer types capable of holding object pointers */
N#if __sizeof_ptr == 8
X#if 4 == 8
Stypedef   signed       __INT64 intptr_t;
Stypedef unsigned       __INT64 uintptr_t;
N#else
Ntypedef   signed           int intptr_t;
Ntypedef unsigned           int uintptr_t;
N#endif
N
N    /* 7.18.1.5 greatest-width integer types */
Ntypedef   signed     __LONGLONG intmax_t;
Xtypedef   signed     long long intmax_t;
Ntypedef unsigned     __LONGLONG uintmax_t;
Xtypedef unsigned     long long uintmax_t;
N
N
N#if !defined(__cplusplus) || defined(__STDC_LIMIT_MACROS)
X#if !1L || 0L
S
S    /* 7.18.2.1 */
S
S    /* minimum values of exact-width signed integer types */
S#define INT8_MIN                   -128
S#define INT16_MIN                -32768
S#define INT32_MIN          (~0x7fffffff)   /* -2147483648 is unsigned */
S#define INT64_MIN  __INT64_C(~0x7fffffffffffffff) /* -9223372036854775808 is unsigned */
S
S    /* maximum values of exact-width signed integer types */
S#define INT8_MAX                    127
S#define INT16_MAX                 32767
S#define INT32_MAX            2147483647
S#define INT64_MAX  __INT64_C(9223372036854775807)
S
S    /* maximum values of exact-width unsigned integer types */
S#define UINT8_MAX                   255
S#define UINT16_MAX                65535
S#define UINT32_MAX           4294967295u
S#define UINT64_MAX __UINT64_C(18446744073709551615)
S
S    /* 7.18.2.2 */
S
S    /* minimum values of minimum-width signed integer types */
S#define INT_LEAST8_MIN                   -128
S#define INT_LEAST16_MIN                -32768
S#define INT_LEAST32_MIN          (~0x7fffffff)
S#define INT_LEAST64_MIN  __INT64_C(~0x7fffffffffffffff)
S
S    /* maximum values of minimum-width signed integer types */
S#define INT_LEAST8_MAX                    127
S#define INT_LEAST16_MAX                 32767
S#define INT_LEAST32_MAX            2147483647
S#define INT_LEAST64_MAX  __INT64_C(9223372036854775807)
S
S    /* maximum values of minimum-width unsigned integer types */
S#define UINT_LEAST8_MAX                   255
S#define UINT_LEAST16_MAX                65535
S#define UINT_LEAST32_MAX           4294967295u
S#define UINT_LEAST64_MAX __UINT64_C(18446744073709551615)
S
S    /* 7.18.2.3 */
S
S    /* minimum values of fastest minimum-width signed integer types */
S#define INT_FAST8_MIN           (~0x7fffffff)
S#define INT_FAST16_MIN          (~0x7fffffff)
S#define INT_FAST32_MIN          (~0x7fffffff)
S#define INT_FAST64_MIN  __INT64_C(~0x7fffffffffffffff)
S
S    /* maximum values of fastest minimum-width signed integer types */
S#define INT_FAST8_MAX             2147483647
S#define INT_FAST16_MAX            2147483647
S#define INT_FAST32_MAX            2147483647
S#define INT_FAST64_MAX  __INT64_C(9223372036854775807)
S
S    /* maximum values of fastest minimum-width unsigned integer types */
S#define UINT_FAST8_MAX            4294967295u
S#define UINT_FAST16_MAX           4294967295u
S#define UINT_FAST32_MAX           4294967295u
S#define UINT_FAST64_MAX __UINT64_C(18446744073709551615)
S
S    /* 7.18.2.4 */
S
S    /* minimum value of pointer-holding signed integer type */
S#if __sizeof_ptr == 8
S#define INTPTR_MIN INT64_MIN
S#else
S#define INTPTR_MIN INT32_MIN
S#endif
S
S    /* maximum value of pointer-holding signed integer type */
S#if __sizeof_ptr == 8
S#define INTPTR_MAX INT64_MAX
S#else
S#define INTPTR_MAX INT32_MAX
S#endif
S
S    /* maximum value of pointer-holding unsigned integer type */
S#if __sizeof_ptr == 8
S#define UINTPTR_MAX UINT64_MAX
S#else
S#define UINTPTR_MAX UINT32_MAX
S#endif
S
S    /* 7.18.2.5 */
S
S    /* minimum value of greatest-width signed integer type */
S#define INTMAX_MIN  __ESCAPE__(~0x7fffffffffffffffll)
S
S    /* maximum value of greatest-width signed integer type */
S#define INTMAX_MAX  __ESCAPE__(9223372036854775807ll)
S
S    /* maximum value of greatest-width unsigned integer type */
S#define UINTMAX_MAX __ESCAPE__(18446744073709551615ull)
S
S    /* 7.18.3 */
S
S    /* limits of ptrdiff_t */
S#if __sizeof_ptr == 8
S#define PTRDIFF_MIN INT64_MIN
S#define PTRDIFF_MAX INT64_MAX
S#else
S#define PTRDIFF_MIN INT32_MIN
S#define PTRDIFF_MAX INT32_MAX
S#endif
S
S    /* limits of sig_atomic_t */
S#define SIG_ATOMIC_MIN (~0x7fffffff)
S#define SIG_ATOMIC_MAX   2147483647
S
S    /* limit of size_t */
S#if __sizeof_ptr == 8
S#define SIZE_MAX UINT64_MAX
S#else
S#define SIZE_MAX UINT32_MAX
S#endif
S
S    /* limits of wchar_t */
S    /* NB we have to undef and redef because they're defined in both
S     * stdint.h and wchar.h */
S#undef WCHAR_MIN
S#undef WCHAR_MAX
S
S#if defined(__WCHAR32) || (defined(__ARM_SIZEOF_WCHAR_T) && __ARM_SIZEOF_WCHAR_T == 4)
S  #define WCHAR_MIN   0
S  #define WCHAR_MAX   0xffffffffU
S#else
S  #define WCHAR_MIN   0
S  #define WCHAR_MAX   65535
S#endif
S
S    /* limits of wint_t */
S#define WINT_MIN (~0x7fffffff)
S#define WINT_MAX 2147483647
S
N#endif /* __STDC_LIMIT_MACROS */
N
N#if !defined(__cplusplus) || defined(__STDC_CONSTANT_MACROS)
X#if !1L || 0L
S
S    /* 7.18.4.1 macros for minimum-width integer constants */
S#define INT8_C(x)   (x)
S#define INT16_C(x)  (x)
S#define INT32_C(x)  (x)
S#define INT64_C(x)  __INT64_C(x)
S
S#define UINT8_C(x)  (x ## u)
S#define UINT16_C(x) (x ## u)
S#define UINT32_C(x) (x ## u)
S#define UINT64_C(x) __UINT64_C(x)
S
S    /* 7.18.4.2 macros for greatest-width integer constants */
S#define INTMAX_C(x)  __ESCAPE__(x ## ll)
S#define UINTMAX_C(x) __ESCAPE__(x ## ull)
S
N#endif /* __STDC_CONSTANT_MACROS */
N
N    #ifdef __cplusplus
N         }  /* extern "C" */
N      }  /* namespace std */
N    #endif /* __cplusplus */
N  #endif /* __STDINT_DECLS */
N
N  #ifdef __cplusplus
N    #ifndef __STDINT_NO_EXPORTS
N      using ::std::int8_t;
N      using ::std::int16_t;
N      using ::std::int32_t;
N      using ::std::int64_t;
N      using ::std::uint8_t;
N      using ::std::uint16_t;
N      using ::std::uint32_t;
N      using ::std::uint64_t;
N      using ::std::int_least8_t;
N      using ::std::int_least16_t;
N      using ::std::int_least32_t;
N      using ::std::int_least64_t;
N      using ::std::uint_least8_t;
N      using ::std::uint_least16_t;
N      using ::std::uint_least32_t;
N      using ::std::uint_least64_t;
N      using ::std::int_fast8_t;
N      using ::std::int_fast16_t;
N      using ::std::int_fast32_t;
N      using ::std::int_fast64_t;
N      using ::std::uint_fast8_t;
N      using ::std::uint_fast16_t;
N      using ::std::uint_fast32_t;
N      using ::std::uint_fast64_t;
N      using ::std::intptr_t;
N      using ::std::uintptr_t;
N      using ::std::intmax_t;
N      using ::std::uintmax_t;
N    #endif
N  #endif /* __cplusplus */
N
N#undef __INT64
N#undef __LONGLONG
N
N#endif /* __stdint_h */
N
N/* end of stdint.h */
L 5 ".\Source\Main\inc\median_filter.h" 2
N
Nclass TMedianFilter
N{
Npublic:
N  struct TPair
N  {
N    struct TPair *Ptr;
N    int16_t       Val;
N  };
N
Npublic:
N  TMedianFilter( int16_t _Stopper );
N  ~TMedianFilter();
N  
N  int16_t process( int16_t Val );
Nprotected:
Nprivate:
N  static constexpr uint8_t Size = 5;
N
N  TPair Buf[ Size ];
N  TPair *DataPtr;
N  TPair  Small;
N  TPair  Big;
N  TPair *Successor;
N  TPair *Scan;
N  TPair *Scanold;
N  TPair *Median;
N  
N  int16_t Stopper;
N};
N
N#endif //__MEDIAN_FILTER_H
L 2 "Source\Main\src\median_filter.cpp" 2
N
N
NTMedianFilter::TMedianFilter( int16_t _Stopper )
N:
NDataPtr( Buf ),
NSmall( { nullptr, _Stopper } ),
NBig( { &Small, 0 } ),
NStopper( _Stopper )
N{
N
N}
N
NTMedianFilter::~TMedianFilter()
N{
N
N}
N
Nint16_t TMedianFilter::process( int16_t Val )
N{                                                      
N  uint16_t i;                                                        
N                                                                     
N  if ( Val == Stopper )                                            
N  {                                                                  
N    Val = Stopper + 1;                                             /* No Stoppers allowed. */
N  }                                                                  
N                                                                     
N  if ( (++DataPtr - Buf) >= Size )                 
N  {                                                                  
N    DataPtr = Buf;                                                 /* Increment and wrap data in Ptrer.*/
N  }                                                                  
N                                                                     
N  DataPtr->Val = Val;                                              /* Copy in new Val */
N  Successor = DataPtr->Ptr;                                        /* Save Ptrer to old Val's Successor */
N  Median = &Big;                                                   /* Median initially to first in chain */
N  Scanold = nullptr;                                               /* Scanold initially nullptr. */
N  Scan = &Big;                                                     /* Ptrs to Ptrer to first (largest) Val in chain */
N                                                                     
N                                                                     
N  if ( Scan->Ptr == DataPtr )                                     
N  {                                                                  
N   Scan->Ptr = Successor;                                          /* Handle chain-out of first item in chain as special case */
N  }                                                                  
N													                  
N  Scanold = Scan;                                                  /* Save this Ptrer and */
N  Scan = Scan->Ptr ;                                               /* step down chain */
N                                                                     
N  for ( i = 0 ; i < Size; ++i )                                    /* Loop through the chain, normal loop exit via break. */
N  {                                                                
N    /* Handle odd-numbered item in chain */                        
N    if ( Scan->Ptr == DataPtr )                                 
N    {                                                              
N      Scan->Ptr = Successor;                                       /* Chain out the old Val.*/
N    }                                                                
N                                                                     
N    if ( Scan->Val < Val )                                         /* If Val is larger than Scanned Val,*/
N    {                                                                 
N      DataPtr->Ptr = Scanold->Ptr;                                 /* Chain it in here. */
N      Scanold->Ptr = DataPtr;                                      /* Mark it chained in. */
N      Val = Stopper;
N    };
N    
N    /* Step Median Ptrer down chain after doing odd-numbered element */
N    Median = Median->Ptr;                                          /* Step Median Ptrer. */
N    if ( Scan == &Small )                                            
N    {                                                                
N      break;                                                       /* Break at end of chain */
N    }                                                                
N	                                                                 
N    Scanold = Scan;                                                /* Save this Ptrer and */
N    Scan = Scan->Ptr;                                              /* step down chain */
N    
N    /* Handle even-numbered item in chain. */
N    if ( Scan->Ptr == DataPtr )
N    {
N      Scan->Ptr = Successor;
N    }
N    
N    if ( Scan->Val < Val )
N    {
N      DataPtr->Ptr = Scanold->Ptr;
N      Scanold->Ptr = DataPtr;
N      Val = Stopper;
N    }
N    
N    if ( Scan == &Small )
N    {
N      break;
N    }
N    
N    Scanold = Scan;
N    Scan = Scan->Ptr;
N  }
N 
N  return Median->Val;
N}
