


ARM Macro Assembler    Page 1 


    1 00000000         #line   1                "Source\\Core\\src\\startup_stm
32l431xx.s"
    1 00000000         ;********************** COPYRIGHT(c) 2017  STMicroelectr
                       onics ******************
    2 00000000         ;* File Name          : startup_stm32l431xx.s
    3 00000000         ;* Author             : MCD Application Team
    4 00000000         ;* Description        : STM32L431xx Ultra Low Power devi
                       ces vector table for MDK-ARM toolchain.
    5 00000000         ;*                      This module performs:
    6 00000000         ;*                      - Set the initial SP
    7 00000000         ;*                      - Set the initial PC == Reset_Ha
                       ndler
    8 00000000         ;*                      - Set the vector table entries w
                       ith the exceptions ISR address
    9 00000000         ;*                      - Branches to __main in the C li
                       brary (which eventually
   10 00000000         ;*                        calls main()).
   11 00000000         ;*                      After Reset the Cortex-M4 proces
                       sor is in Thread mode,
   12 00000000         ;*                      priority is Privileged, and the 
                       Stack is set to Main.
   13 00000000         ;* <<< Use Configuration Wizard in Context Menu >>>
   14 00000000         ;*******************************************************
                       ************************
   15 00000000         ;*
   16 00000000         ;* Redistribution and use in source and binary forms, wi
                       th or without modification,
   17 00000000         ;* are permitted provided that the following conditions 
                       are met:
   18 00000000         ;*   1. Redistributions of source code must retain the a
                       bove copyright notice,
   19 00000000         ;*      this list of conditions and the following discla
                       imer.
   20 00000000         ;*   2. Redistributions in binary form must reproduce th
                       e above copyright notice,
   21 00000000         ;*      this list of conditions and the following discla
                       imer in the documentation
   22 00000000         ;*      and/or other materials provided with the distrib
                       ution.
   23 00000000         ;*   3. Neither the name of STMicroelectronics nor the n
                       ames of its contributors
   24 00000000         ;*      may be used to endorse or promote products deriv
                       ed from this software
   25 00000000         ;*      without specific prior written permission.
   26 00000000         ;*
   27 00000000         ;* THIS SOFTWARE IS PROVIDED BY THE COPYRIGHT HOLDERS AN
                       D CONTRIBUTORS "AS IS"
   28 00000000         ;* AND ANY EXPRESS OR IMPLIED WARRANTIES, INCLUDING, BUT
                        NOT LIMITED TO, THE
   29 00000000         ;* IMPLIED WARRANTIES OF MERCHANTABILITY AND FITNESS FOR
                        A PARTICULAR PURPOSE ARE
   30 00000000         ;* DISCLAIMED. IN NO EVENT SHALL THE COPYRIGHT HOLDER OR
                        CONTRIBUTORS BE LIABLE
   31 00000000         ;* FOR ANY DIRECT, INDIRECT, INCIDENTAL, SPECIAL, EXEMPL
                       ARY, OR CONSEQUENTIAL
   32 00000000         ;* DAMAGES (INCLUDING, BUT NOT LIMITED TO, PROCUREMENT O
                       F SUBSTITUTE GOODS OR
   33 00000000         ;* SERVICES; LOSS OF USE, DATA, OR PROFITS; OR BUSINESS 
                       INTERRUPTION) HOWEVER



ARM Macro Assembler    Page 2 


   34 00000000         ;* CAUSED AND ON ANY THEORY OF LIABILITY, WHETHER IN CON
                       TRACT, STRICT LIABILITY,
   35 00000000         ;* OR TORT (INCLUDING NEGLIGENCE OR OTHERWISE) ARISING I
                       N ANY WAY OUT OF THE USE
   36 00000000         ;* OF THIS SOFTWARE, EVEN IF ADVISED OF THE POSSIBILITY 
                       OF SUCH DAMAGE.
   37 00000000         ;*
   38 00000000         ;*******************************************************
                       ************************
   39 00000000         ;
   40 00000000         ; Amount of memory (in bytes) allocated for Stack
   41 00000000         ; Tailor this value to your application needs
   42 00000000         ; <h> Stack Configuration
   43 00000000         ;   <o> Stack Size (in Bytes) <0x0-0xFFFFFFFF:8>
   44 00000000         ; </h>
   45 00000000         
   46 00000000         
   47 00000000                 IMPORT           |Load$$LR$$LR_IROM1$$Base|
   48 00000000                 IMPORT           |Load$$LR$$LR_IROM1$$Length|
   49 00000000         
   50 00000000                 IMPORT           |Load$$LR$$LR_IROM4$$Base|
   51 00000000         
   52 00000000         #line   1                ".\\Source\\Main\\inc\\prog_ver
.h"
    1 00000000         
    2 00000000         
    3 00000000         
    4 00000000         
    5 00000000         
    6 00000000         #line   53               "Source\\Core\\src\\startup_stm
32l431xx.s"
   53 00000000         #line   1                ".\\Objects\\scatter.h"
    1 00000000         
    2 00000000         
    3 00000000         
    4 00000000         
    5 00000000         
    6 00000000         
    7 00000000         
    8 00000000         
    9 00000000         
   10 00000000         
   11 00000000         
   12 00000000         
   13 00000000         
   14 00000000         
   15 00000000         
   16 00000000         
   17 00000000         
   18 00000000         
   19 00000000         
   20 00000000         
   21 00000000         
   22 00000000         
   23 00000000         
   24 00000000         
   25 00000000         
   26 00000000         
   27 00000000         



ARM Macro Assembler    Page 3 


   28 00000000         
   29 00000000         
   30 00000000         #line   43               ".\\Objects\\scatter.h"
   43 00000000         
   44 00000000         
   45 00000000         
   46 00000000         
   47 00000000         
   48 00000000         
   49 00000000         
   50 00000000         
   51 00000000         
   52 00000000         
   53 00000000         
   54 00000000         
   55 00000000         
   56 00000000         
   57 00000000         
   58 00000000         
   59 00000000         
   60 00000000         #line   54               "Source\\Core\\src\\startup_stm
32l431xx.s"
   54 00000000         
   55 00000000 00003000 
                       Stack_Size
                               EQU              0x3000      ;
   56 00000000         
   57 00000000         
   58 00000000                 AREA             STACK, NOINIT, READWRITE, ALIGN
=3
   59 00000000         Stack_Mem
                               SPACE            Stack_Size
   60 00003000         __initial_sp
   61 00003000         
   62 00003000         
   63 00003000         ; <h> Heap Configuration
   64 00003000         ;   <o>  Heap Size (in Bytes) <0x0-0xFFFFFFFF:8>
   65 00003000         ; </h>
   66 00003000         
   67 00003000 00000200 
                       Heap_Size
                               EQU              0x200       ;
   68 00003000         
   69 00003000                 AREA             HEAP, NOINIT, READWRITE, ALIGN=
3
   70 00000000         __heap_base
   71 00000000         Heap_Mem
                               SPACE            Heap_Size
   72 00000200         __heap_limit
   73 00000200         
   74 00000200                 PRESERVE8
   75 00000200                 THUMB
   76 00000200         
   77 00000200         
   78 00000200         ; Vector Table Mapped to Address 0 at Reset
   79 00000200                 AREA             RESET, DATA, READONLY
   80 00000000         
   81 00000000                 EXPORT           __Vectors
   82 00000000                 EXPORT           __Vectors_End



ARM Macro Assembler    Page 4 


   83 00000000                 EXPORT           __Vectors_Size
   84 00000000         
   85 00000000 00000000 
                       __Vectors
                               DCD              __initial_sp ; Top of Stack
   86 00000004 00000000        DCD              Reset_Handler ; Reset Handler
   87 00000008 00000000        DCD              NMI_Handler ; NMI Handler
   88 0000000C 00000000        DCD              HardFault_Handler ; Hard Fault 
                                                            Handler
   89 00000010 00000000        DCD              MemManage_Handler 
                                                            ; MPU Fault Handler
                                                            
   90 00000014 00000000        DCD              BusFault_Handler 
                                                            ; Bus Fault Handler
                                                            
   91 00000018 00000000        DCD              UsageFault_Handler ; Usage Faul
                                                            t Handler
   92 0000001C 00000000        DCD              |Load$$LR$$LR_IROM1$$Base|
   93 00000020 00000000        DCD              |Load$$LR$$LR_IROM1$$Length|
   94 00000024 AA000000        DCD              0xAA000000
   95 00000028 00000000        DCD              |Load$$LR$$LR_IROM4$$Base| 
                                                            ; Reserved
   96 0000002C 00000000        DCD              SVC_Handler ; SVCall Handler
   97 00000030 00000000        DCD              DebugMon_Handler ; Debug Monito
                                                            r Handler
   98 00000034 00000000        DCD              0           ; Reserved
   99 00000038 00000000        DCD              PendSV_Handler ; PendSV Handler
                                                            
  100 0000003C 00000000        DCD              SysTick_Handler 
                                                            ; SysTick Handler
  101 00000040         
  102 00000040         ; External Interrupts
  103 00000040 00000000        DCD              WWDG_IRQHandler 
                                                            ; Window WatchDog
  104 00000044 00000000        DCD              PVD_PVM_IRQHandler ; PVD/PVM1/P
                                                            VM2/PVM3/PVM4 throu
                                                            gh EXTI Line detect
                                                            ion
  105 00000048 00000000        DCD              TAMP_STAMP_IRQHandler ; Tamper 
                                                            and TimeStamps thro
                                                            ugh the EXTI line
  106 0000004C 00000000        DCD              RTC_WKUP_IRQHandler ; RTC Wakeu
                                                            p through the EXTI 
                                                            line
  107 00000050 00000000        DCD              FLASH_IRQHandler ; FLASH
  108 00000054 00000000        DCD              RCC_IRQHandler ; RCC
  109 00000058 00000000        DCD              EXTI0_IRQHandler ; EXTI Line0
  110 0000005C 00000000        DCD              EXTI1_IRQHandler ; EXTI Line1
  111 00000060 00000000        DCD              EXTI2_IRQHandler ; EXTI Line2
  112 00000064 00000000        DCD              EXTI3_IRQHandler ; EXTI Line3
  113 00000068 00000000        DCD              EXTI4_IRQHandler ; EXTI Line4
  114 0000006C 00000000        DCD              DMA1_Channel1_IRQHandler 
                                                            ; DMA1 Channel 1
  115 00000070 00000000        DCD              DMA1_Channel2_IRQHandler 
                                                            ; DMA1 Channel 2
  116 00000074 00000000        DCD              DMA1_Channel3_IRQHandler 
                                                            ; DMA1 Channel 3
  117 00000078 00000000        DCD              DMA1_Channel4_IRQHandler 
                                                            ; DMA1 Channel 4



ARM Macro Assembler    Page 5 


  118 0000007C 00000000        DCD              DMA1_Channel5_IRQHandler 
                                                            ; DMA1 Channel 5
  119 00000080 00000000        DCD              DMA1_Channel6_IRQHandler 
                                                            ; DMA1 Channel 6
  120 00000084 00000000        DCD              DMA1_Channel7_IRQHandler 
                                                            ; DMA1 Channel 7
  121 00000088 00000000        DCD              ADC1_IRQHandler ; ADC1
  122 0000008C 00000000        DCD              CAN1_TX_IRQHandler ; CAN1 TX
  123 00000090 00000000        DCD              CAN1_RX0_IRQHandler ; CAN1 RX0
  124 00000094 00000000        DCD              CAN1_RX1_IRQHandler ; CAN1 RX1
  125 00000098 00000000        DCD              CAN1_SCE_IRQHandler ; CAN1 SCE
  126 0000009C 00000000        DCD              EXTI9_5_IRQHandler ; External L
                                                            ine[9:5]s
  127 000000A0 00000000        DCD              TIM1_BRK_TIM15_IRQHandler ; TIM
                                                            1 Break and TIM15
  128 000000A4 00000000        DCD              TIM1_UP_TIM16_IRQHandler ; TIM1
                                                             Update and TIM16
  129 000000A8 00000000        DCD              TIM1_TRG_COM_IRQHandler ; TIM1 
                                                            Trigger and Commuta
                                                            tion
  130 000000AC 00000000        DCD              TIM1_CC_IRQHandler ; TIM1 Captu
                                                            re Compare
  131 000000B0 00000000        DCD              TIM2_IRQHandler ; TIM2
  132 000000B4 00000000        DCD              0           ; Reserved
  133 000000B8 00000000        DCD              0           ; Reserved
  134 000000BC 00000000        DCD              I2C1_EV_IRQHandler ; I2C1 Event
                                                            
  135 000000C0 00000000        DCD              I2C1_ER_IRQHandler ; I2C1 Error
                                                            
  136 000000C4 00000000        DCD              I2C2_EV_IRQHandler ; I2C2 Event
                                                            
  137 000000C8 00000000        DCD              I2C2_ER_IRQHandler ; I2C2 Error
                                                            
  138 000000CC 00000000        DCD              SPI1_IRQHandler ; SPI1
  139 000000D0 00000000        DCD              SPI2_IRQHandler ; SPI2
  140 000000D4 00000000        DCD              USART1_IRQHandler ; USART1
  141 000000D8 00000000        DCD              USART2_IRQHandler ; USART2
  142 000000DC 00000000        DCD              USART3_IRQHandler ; USART3
  143 000000E0 00000000        DCD              EXTI15_10_IRQHandler ; External
                                                             Line[15:10]
  144 000000E4 00000000        DCD              RTC_Alarm_IRQHandler ; RTC Alar
                                                            m (A and B) through
                                                             EXTI Line
  145 000000E8 00000000        DCD              0           ; Reserved
  146 000000EC 00000000        DCD              0           ; Reserved
  147 000000F0 00000000        DCD              0           ; Reserved
  148 000000F4 00000000        DCD              0           ; Reserved
  149 000000F8 00000000        DCD              0           ; Reserved
  150 000000FC 00000000        DCD              0           ; Reserved
  151 00000100 00000000        DCD              0           ; Reserved
  152 00000104 00000000        DCD              SDMMC1_IRQHandler ; SDMMC1
  153 00000108 00000000        DCD              0           ; Reserved
  154 0000010C 00000000        DCD              SPI3_IRQHandler ; SPI3
  155 00000110 00000000        DCD              0           ; Reserved
  156 00000114 00000000        DCD              0           ; Reserved
  157 00000118 00000000        DCD              TIM6_DAC_IRQHandler ; TIM6 and 
                                                            DAC1&2 underrun err
                                                            ors
  158 0000011C 00000000        DCD              TIM7_IRQHandler ; TIM7



ARM Macro Assembler    Page 6 


  159 00000120 00000000        DCD              DMA2_Channel1_IRQHandler 
                                                            ; DMA2 Channel 1
  160 00000124 00000000        DCD              DMA2_Channel2_IRQHandler 
                                                            ; DMA2 Channel 2
  161 00000128 00000000        DCD              DMA2_Channel3_IRQHandler 
                                                            ; DMA2 Channel 3
  162 0000012C 00000000        DCD              DMA2_Channel4_IRQHandler 
                                                            ; DMA2 Channel 4
  163 00000130 00000000        DCD              DMA2_Channel5_IRQHandler 
                                                            ; DMA2 Channel 5
  164 00000134 00000000        DCD              0           ; Reserved
  165 00000138 00000000        DCD              0           ; Reserved
  166 0000013C 00000000        DCD              0           ; Reserved
  167 00000140 00000000        DCD              COMP_IRQHandler 
                                                            ; COMP Interrupt
  168 00000144 00000000        DCD              LPTIM1_IRQHandler 
                                                            ; LP TIM1 interrupt
                                                            
  169 00000148 00000000        DCD              LPTIM2_IRQHandler 
                                                            ; LP TIM2 interrupt
                                                            
  170 0000014C 00000000        DCD              0           ; Reserved
  171 00000150 00000000        DCD              DMA2_Channel6_IRQHandler 
                                                            ; DMA2 Channel 6
  172 00000154 00000000        DCD              DMA2_Channel7_IRQHandler 
                                                            ; DMA2 Channel 7
  173 00000158 00000000        DCD              LPUART1_IRQHandler ; LP UART1 i
                                                            nterrupt
  174 0000015C 00000000        DCD              QUADSPI_IRQHandler ; Quad SPI g
                                                            lobal interrupt
  175 00000160 00000000        DCD              I2C3_EV_IRQHandler ; I2C3 event
                                                            
  176 00000164 00000000        DCD              I2C3_ER_IRQHandler ; I2C3 error
                                                            
  177 00000168 00000000        DCD              SAI1_IRQHandler ; Serial Audio 
                                                            Interface 1 global 
                                                            interrupt
  178 0000016C 00000000        DCD              0           ; Reserved
  179 00000170 00000000        DCD              SWPMI1_IRQHandler ; Serial Wire
                                                             Interface 1 global
                                                             interrupt
  180 00000174 00000000        DCD              TSC_IRQHandler ; Touch Sense Co
                                                            ntroller global int
                                                            errupt
  181 00000178 00000000        DCD              0           ; Reserved
  182 0000017C 00000000        DCD              0           ; Reserved
  183 00000180 00000000        DCD              RNG_IRQHandler ; RNG global int
                                                            errupt
  184 00000184 00000000        DCD              FPU_IRQHandler ; FPU
  185 00000188 00000000        DCD              CRS_IRQHandler ; CRS interrupt
  186 0000018C         
  187 0000018C         
  188 0000018C         __Vectors_End
  189 0000018C         
  190 0000018C 0000018C 
                       __Vectors_Size
                               EQU              __Vectors_End - __Vectors
  191 0000018C         
  192 0000018C                 AREA             |.text|, CODE, READONLY



ARM Macro Assembler    Page 7 


  193 00000000         
  194 00000000         ; Reset handler
  195 00000000         Reset_Handler
                               PROC
  196 00000000                 EXPORT           Reset_Handler             [WEAK
]
  197 00000000                 IMPORT           SystemInit
  198 00000000                 IMPORT           __main
  199 00000000         
  200 00000000 4806            LDR              R0, =SystemInit
  201 00000002 4780            BLX              R0
  202 00000004 4806            LDR              R0, =__main
  203 00000006 4700            BX               R0
  204 00000008                 ENDP
  205 00000008         
  206 00000008         ; Dummy Exception Handlers (infinite loops which can be 
                       modified)
  207 00000008         
  208 00000008         NMI_Handler
                               PROC
  209 00000008                 EXPORT           NMI_Handler                [WEA
K]
  210 00000008 E7FE            B                .
  211 0000000A                 ENDP
  212 0000000A         HardFault_Handler
                               PROC
  213 0000000A         
  214 0000000A                 EXPORT           HardFault_Handler          [WEA
K]
  215 0000000A E7FE            B                .
  216 0000000C                 ENDP
  217 0000000C         MemManage_Handler
                               PROC
  218 0000000C         
  219 0000000C                 EXPORT           MemManage_Handler          [WEA
K]
  220 0000000C E7FE            B                .
  221 0000000E                 ENDP
  222 0000000E         BusFault_Handler
                               PROC
  223 0000000E         
  224 0000000E                 EXPORT           BusFault_Handler           [WEA
K]
  225 0000000E E7FE            B                .
  226 00000010                 ENDP
  227 00000010         UsageFault_Handler
                               PROC
  228 00000010         
  229 00000010                 EXPORT           UsageFault_Handler         [WEA
K]
  230 00000010 E7FE            B                .
  231 00000012                 ENDP
  232 00000012         SVC_Handler
                               PROC
  233 00000012                 EXPORT           SVC_Handler                [WEA
K]
  234 00000012 E7FE            B                .
  235 00000014                 ENDP
  236 00000014         DebugMon_Handler



ARM Macro Assembler    Page 8 


                               PROC
  237 00000014         
  238 00000014                 EXPORT           DebugMon_Handler           [WEA
K]
  239 00000014 E7FE            B                .
  240 00000016                 ENDP
  241 00000016         PendSV_Handler
                               PROC
  242 00000016                 EXPORT           PendSV_Handler             [WEA
K]
  243 00000016 E7FE            B                .
  244 00000018                 ENDP
  245 00000018         SysTick_Handler
                               PROC
  246 00000018                 EXPORT           SysTick_Handler            [WEA
K]
  247 00000018 E7FE            B                .
  248 0000001A                 ENDP
  249 0000001A         
  250 0000001A         Default_Handler
                               PROC
  251 0000001A         
  252 0000001A                 EXPORT           WWDG_IRQHandler                
   [WEAK]
  253 0000001A                 EXPORT           PVD_PVM_IRQHandler             
   [WEAK]
  254 0000001A                 EXPORT           TAMP_STAMP_IRQHandler          
   [WEAK]
  255 0000001A                 EXPORT           RTC_WKUP_IRQHandler            
   [WEAK]
  256 0000001A                 EXPORT           FLASH_IRQHandler               
   [WEAK]
  257 0000001A                 EXPORT           RCC_IRQHandler                 
   [WEAK]
  258 0000001A                 EXPORT           EXTI0_IRQHandler               
   [WEAK]
  259 0000001A                 EXPORT           EXTI1_IRQHandler               
   [WEAK]
  260 0000001A                 EXPORT           EXTI2_IRQHandler               
   [WEAK]
  261 0000001A                 EXPORT           EXTI3_IRQHandler               
   [WEAK]
  262 0000001A                 EXPORT           EXTI4_IRQHandler               
   [WEAK]
  263 0000001A                 EXPORT           DMA1_Channel1_IRQHandler       
   [WEAK]
  264 0000001A                 EXPORT           DMA1_Channel2_IRQHandler       
   [WEAK]
  265 0000001A                 EXPORT           DMA1_Channel3_IRQHandler       
   [WEAK]
  266 0000001A                 EXPORT           DMA1_Channel4_IRQHandler       
   [WEAK]
  267 0000001A                 EXPORT           DMA1_Channel5_IRQHandler       
   [WEAK]
  268 0000001A                 EXPORT           DMA1_Channel6_IRQHandler       
   [WEAK]
  269 0000001A                 EXPORT           DMA1_Channel7_IRQHandler       
   [WEAK]
  270 0000001A                 EXPORT           ADC1_IRQHandler                



ARM Macro Assembler    Page 9 


   [WEAK]
  271 0000001A                 EXPORT           CAN1_TX_IRQHandler             
   [WEAK]
  272 0000001A                 EXPORT           CAN1_RX0_IRQHandler            
   [WEAK]
  273 0000001A                 EXPORT           CAN1_RX1_IRQHandler            
   [WEAK]
  274 0000001A                 EXPORT           CAN1_SCE_IRQHandler            
   [WEAK]
  275 0000001A                 EXPORT           EXTI9_5_IRQHandler             
   [WEAK]
  276 0000001A                 EXPORT           TIM1_BRK_TIM15_IRQHandler      
   [WEAK]
  277 0000001A                 EXPORT           TIM1_UP_TIM16_IRQHandler       
   [WEAK]
  278 0000001A                 EXPORT           TIM1_TRG_COM_IRQHandler        
   [WEAK]
  279 0000001A                 EXPORT           TIM1_CC_IRQHandler             
   [WEAK]
  280 0000001A                 EXPORT           TIM2_IRQHandler                
   [WEAK]
  281 0000001A                 EXPORT           I2C1_EV_IRQHandler             
   [WEAK]
  282 0000001A                 EXPORT           I2C1_ER_IRQHandler             
   [WEAK]
  283 0000001A                 EXPORT           I2C2_EV_IRQHandler             
   [WEAK]
  284 0000001A                 EXPORT           I2C2_ER_IRQHandler             
   [WEAK]
  285 0000001A                 EXPORT           SPI1_IRQHandler                
   [WEAK]
  286 0000001A                 EXPORT           SPI2_IRQHandler                
   [WEAK]
  287 0000001A                 EXPORT           USART1_IRQHandler              
   [WEAK]
  288 0000001A                 EXPORT           USART2_IRQHandler              
   [WEAK]
  289 0000001A                 EXPORT           USART3_IRQHandler              
   [WEAK]
  290 0000001A                 EXPORT           EXTI15_10_IRQHandler           
   [WEAK]
  291 0000001A                 EXPORT           RTC_Alarm_IRQHandler           
   [WEAK]
  292 0000001A                 EXPORT           SDMMC1_IRQHandler              
   [WEAK]
  293 0000001A                 EXPORT           SPI3_IRQHandler                
   [WEAK]
  294 0000001A                 EXPORT           TIM6_DAC_IRQHandler            
   [WEAK]
  295 0000001A                 EXPORT           TIM7_IRQHandler                
   [WEAK]
  296 0000001A                 EXPORT           DMA2_Channel1_IRQHandler       
   [WEAK]
  297 0000001A                 EXPORT           DMA2_Channel2_IRQHandler       
   [WEAK]
  298 0000001A                 EXPORT           DMA2_Channel3_IRQHandler       
   [WEAK]
  299 0000001A                 EXPORT           DMA2_Channel4_IRQHandler       
   [WEAK]



ARM Macro Assembler    Page 10 


  300 0000001A                 EXPORT           DMA2_Channel5_IRQHandler       
   [WEAK]
  301 0000001A                 EXPORT           COMP_IRQHandler                
   [WEAK]
  302 0000001A                 EXPORT           LPTIM1_IRQHandler              
   [WEAK]
  303 0000001A                 EXPORT           LPTIM2_IRQHandler              
   [WEAK]
  304 0000001A                 EXPORT           DMA2_Channel6_IRQHandler       
   [WEAK]
  305 0000001A                 EXPORT           DMA2_Channel7_IRQHandler       
   [WEAK]
  306 0000001A                 EXPORT           LPUART1_IRQHandler             
   [WEAK]
  307 0000001A                 EXPORT           QUADSPI_IRQHandler             
   [WEAK]
  308 0000001A                 EXPORT           I2C3_EV_IRQHandler             
   [WEAK]
  309 0000001A                 EXPORT           I2C3_ER_IRQHandler             
   [WEAK]
  310 0000001A                 EXPORT           SAI1_IRQHandler                
   [WEAK]
  311 0000001A                 EXPORT           SWPMI1_IRQHandler              
   [WEAK]
  312 0000001A                 EXPORT           TSC_IRQHandler                 
   [WEAK]
  313 0000001A                 EXPORT           RNG_IRQHandler                 
   [WEAK]
  314 0000001A                 EXPORT           FPU_IRQHandler                 
   [WEAK]
  315 0000001A                 EXPORT           CRS_IRQHandler                 
   [WEAK]
  316 0000001A         
  317 0000001A         WWDG_IRQHandler
  318 0000001A         PVD_PVM_IRQHandler
  319 0000001A         TAMP_STAMP_IRQHandler
  320 0000001A         RTC_WKUP_IRQHandler
  321 0000001A         FLASH_IRQHandler
  322 0000001A         RCC_IRQHandler
  323 0000001A         EXTI0_IRQHandler
  324 0000001A         EXTI1_IRQHandler
  325 0000001A         EXTI2_IRQHandler
  326 0000001A         EXTI3_IRQHandler
  327 0000001A         EXTI4_IRQHandler
  328 0000001A         DMA1_Channel1_IRQHandler
  329 0000001A         DMA1_Channel2_IRQHandler
  330 0000001A         DMA1_Channel3_IRQHandler
  331 0000001A         DMA1_Channel4_IRQHandler
  332 0000001A         DMA1_Channel5_IRQHandler
  333 0000001A         DMA1_Channel6_IRQHandler
  334 0000001A         DMA1_Channel7_IRQHandler
  335 0000001A         ADC1_IRQHandler
  336 0000001A         CAN1_TX_IRQHandler
  337 0000001A         CAN1_RX0_IRQHandler
  338 0000001A         CAN1_RX1_IRQHandler
  339 0000001A         CAN1_SCE_IRQHandler
  340 0000001A         EXTI9_5_IRQHandler
  341 0000001A         TIM1_BRK_TIM15_IRQHandler
  342 0000001A         TIM1_UP_TIM16_IRQHandler



ARM Macro Assembler    Page 11 


  343 0000001A         TIM1_TRG_COM_IRQHandler
  344 0000001A         TIM1_CC_IRQHandler
  345 0000001A         TIM2_IRQHandler
  346 0000001A         I2C1_EV_IRQHandler
  347 0000001A         I2C1_ER_IRQHandler
  348 0000001A         I2C2_EV_IRQHandler
  349 0000001A         I2C2_ER_IRQHandler
  350 0000001A         SPI1_IRQHandler
  351 0000001A         SPI2_IRQHandler
  352 0000001A         USART1_IRQHandler
  353 0000001A         USART2_IRQHandler
  354 0000001A         USART3_IRQHandler
  355 0000001A         EXTI15_10_IRQHandler
  356 0000001A         RTC_Alarm_IRQHandler
  357 0000001A         SDMMC1_IRQHandler
  358 0000001A         SPI3_IRQHandler
  359 0000001A         TIM6_DAC_IRQHandler
  360 0000001A         TIM7_IRQHandler
  361 0000001A         DMA2_Channel1_IRQHandler
  362 0000001A         DMA2_Channel2_IRQHandler
  363 0000001A         DMA2_Channel3_IRQHandler
  364 0000001A         DMA2_Channel4_IRQHandler
  365 0000001A         DMA2_Channel5_IRQHandler
  366 0000001A         COMP_IRQHandler
  367 0000001A         LPTIM1_IRQHandler
  368 0000001A         LPTIM2_IRQHandler
  369 0000001A         DMA2_Channel6_IRQHandler
  370 0000001A         DMA2_Channel7_IRQHandler
  371 0000001A         LPUART1_IRQHandler
  372 0000001A         QUADSPI_IRQHandler
  373 0000001A         I2C3_EV_IRQHandler
  374 0000001A         I2C3_ER_IRQHandler
  375 0000001A         SAI1_IRQHandler
  376 0000001A         SWPMI1_IRQHandler
  377 0000001A         TSC_IRQHandler
  378 0000001A         RNG_IRQHandler
  379 0000001A         FPU_IRQHandler
  380 0000001A         CRS_IRQHandler
  381 0000001A         
  382 0000001A E7FE            B                .
  383 0000001C         
  384 0000001C                 ENDP
  385 0000001C         
  386 0000001C                 ALIGN
  387 0000001C         
  388 0000001C         ;*******************************************************
                       ************************
  389 0000001C         ; User Stack and Heap initialization
  390 0000001C         ;*******************************************************
                       ************************
  391 0000001C                 IF               :DEF:__MICROLIB
  392 0000001C         
  393 0000001C                 EXPORT           __initial_sp
  394 0000001C                 EXPORT           __heap_base
  395 0000001C                 EXPORT           __heap_limit
  396 0000001C         
  397 0000001C                 ELSE
  412                          ENDIF
  413 0000001C         



ARM Macro Assembler    Page 12 


  414 0000001C                 END
              00000000 
              00000000 
Command Line: --debug --xref --cpreproc --diag_suppress=9931 --cpu=Cortex-M4.fp
 --apcs=interwork --depend=.\objects\startup_stm32l431xx.d -o.\objects\startup_
stm32l431xx.o -I.\Source\Main\inc -I..\..\DKS_Multiproject -I.\Objects -I..\..\
Prog -I.\RTE\_DEBUG -IC:\Keil_v5\ARM\PACK\Keil\STM32L4xx_DFP\2.2.0\Drivers\CMSI
S\Device\ST\STM32L4xx\Include -IC:\Keil_v5\ARM\CMSIS\Include --predefine="__MIC
ROLIB SETA 1" --predefine="__UVISION_VERSION SETA 523" --predefine="STM32L431xx
 SETA 1" --cpreproc_opts=-D__PROG_VERSION=0xAA000000 --list=.\listings\startup_
stm32l431xx.lst Source\Core\src\startup_stm32l431xx.s



ARM Macro Assembler    Page 1 Alphabetic symbol ordering
Relocatable symbols

STACK 00000000

Symbol: STACK
   Definitions
      At line 58 in file Source\\Core\\src\\startup_stm32l431xx.s
   Uses
      None
Comment: STACK unused
Stack_Mem 00000000

Symbol: Stack_Mem
   Definitions
      At line 59 in file Source\\Core\\src\\startup_stm32l431xx.s
   Uses
      None
Comment: Stack_Mem unused
__initial_sp 00003000

Symbol: __initial_sp
   Definitions
      At line 60 in file Source\\Core\\src\\startup_stm32l431xx.s
   Uses
      At line 85 in file Source\\Core\\src\\startup_stm32l431xx.s
      At line 393 in file Source\\Core\\src\\startup_stm32l431xx.s

3 symbols



ARM Macro Assembler    Page 1 Alphabetic symbol ordering
Relocatable symbols

HEAP 00000000

Symbol: HEAP
   Definitions
      At line 69 in file Source\\Core\\src\\startup_stm32l431xx.s
   Uses
      None
Comment: HEAP unused
Heap_Mem 00000000

Symbol: Heap_Mem
   Definitions
      At line 71 in file Source\\Core\\src\\startup_stm32l431xx.s
   Uses
      None
Comment: Heap_Mem unused
__heap_base 00000000

Symbol: __heap_base
   Definitions
      At line 70 in file Source\\Core\\src\\startup_stm32l431xx.s
   Uses
      At line 394 in file Source\\Core\\src\\startup_stm32l431xx.s
Comment: __heap_base used once
__heap_limit 00000200

Symbol: __heap_limit
   Definitions
      At line 72 in file Source\\Core\\src\\startup_stm32l431xx.s
   Uses
      At line 395 in file Source\\Core\\src\\startup_stm32l431xx.s
Comment: __heap_limit used once
4 symbols



ARM Macro Assembler    Page 1 Alphabetic symbol ordering
Relocatable symbols

RESET 00000000

Symbol: RESET
   Definitions
      At line 79 in file Source\\Core\\src\\startup_stm32l431xx.s
   Uses
      None
Comment: RESET unused
__Vectors 00000000

Symbol: __Vectors
   Definitions
      At line 85 in file Source\\Core\\src\\startup_stm32l431xx.s
   Uses
      At line 81 in file Source\\Core\\src\\startup_stm32l431xx.s
      At line 190 in file Source\\Core\\src\\startup_stm32l431xx.s

__Vectors_End 0000018C

Symbol: __Vectors_End
   Definitions
      At line 188 in file Source\\Core\\src\\startup_stm32l431xx.s
   Uses
      At line 82 in file Source\\Core\\src\\startup_stm32l431xx.s
      At line 190 in file Source\\Core\\src\\startup_stm32l431xx.s

3 symbols



ARM Macro Assembler    Page 1 Alphabetic symbol ordering
Relocatable symbols

.text 00000000

Symbol: .text
   Definitions
      At line 192 in file Source\\Core\\src\\startup_stm32l431xx.s
   Uses
      None
Comment: .text unused
ADC1_IRQHandler 0000001A

Symbol: ADC1_IRQHandler
   Definitions
      At line 335 in file Source\\Core\\src\\startup_stm32l431xx.s
   Uses
      At line 121 in file Source\\Core\\src\\startup_stm32l431xx.s
      At line 270 in file Source\\Core\\src\\startup_stm32l431xx.s

BusFault_Handler 0000000E

Symbol: BusFault_Handler
   Definitions
      At line 222 in file Source\\Core\\src\\startup_stm32l431xx.s
   Uses
      At line 90 in file Source\\Core\\src\\startup_stm32l431xx.s
      At line 224 in file Source\\Core\\src\\startup_stm32l431xx.s

CAN1_RX0_IRQHandler 0000001A

Symbol: CAN1_RX0_IRQHandler
   Definitions
      At line 337 in file Source\\Core\\src\\startup_stm32l431xx.s
   Uses
      At line 123 in file Source\\Core\\src\\startup_stm32l431xx.s
      At line 272 in file Source\\Core\\src\\startup_stm32l431xx.s

CAN1_RX1_IRQHandler 0000001A

Symbol: CAN1_RX1_IRQHandler
   Definitions
      At line 338 in file Source\\Core\\src\\startup_stm32l431xx.s
   Uses
      At line 124 in file Source\\Core\\src\\startup_stm32l431xx.s
      At line 273 in file Source\\Core\\src\\startup_stm32l431xx.s

CAN1_SCE_IRQHandler 0000001A

Symbol: CAN1_SCE_IRQHandler
   Definitions
      At line 339 in file Source\\Core\\src\\startup_stm32l431xx.s
   Uses
      At line 125 in file Source\\Core\\src\\startup_stm32l431xx.s
      At line 274 in file Source\\Core\\src\\startup_stm32l431xx.s

CAN1_TX_IRQHandler 0000001A

Symbol: CAN1_TX_IRQHandler
   Definitions
      At line 336 in file Source\\Core\\src\\startup_stm32l431xx.s
   Uses



ARM Macro Assembler    Page 2 Alphabetic symbol ordering
Relocatable symbols

      At line 122 in file Source\\Core\\src\\startup_stm32l431xx.s
      At line 271 in file Source\\Core\\src\\startup_stm32l431xx.s

COMP_IRQHandler 0000001A

Symbol: COMP_IRQHandler
   Definitions
      At line 366 in file Source\\Core\\src\\startup_stm32l431xx.s
   Uses
      At line 167 in file Source\\Core\\src\\startup_stm32l431xx.s
      At line 301 in file Source\\Core\\src\\startup_stm32l431xx.s

CRS_IRQHandler 0000001A

Symbol: CRS_IRQHandler
   Definitions
      At line 380 in file Source\\Core\\src\\startup_stm32l431xx.s
   Uses
      At line 185 in file Source\\Core\\src\\startup_stm32l431xx.s
      At line 315 in file Source\\Core\\src\\startup_stm32l431xx.s

DMA1_Channel1_IRQHandler 0000001A

Symbol: DMA1_Channel1_IRQHandler
   Definitions
      At line 328 in file Source\\Core\\src\\startup_stm32l431xx.s
   Uses
      At line 114 in file Source\\Core\\src\\startup_stm32l431xx.s
      At line 263 in file Source\\Core\\src\\startup_stm32l431xx.s

DMA1_Channel2_IRQHandler 0000001A

Symbol: DMA1_Channel2_IRQHandler
   Definitions
      At line 329 in file Source\\Core\\src\\startup_stm32l431xx.s
   Uses
      At line 115 in file Source\\Core\\src\\startup_stm32l431xx.s
      At line 264 in file Source\\Core\\src\\startup_stm32l431xx.s

DMA1_Channel3_IRQHandler 0000001A

Symbol: DMA1_Channel3_IRQHandler
   Definitions
      At line 330 in file Source\\Core\\src\\startup_stm32l431xx.s
   Uses
      At line 116 in file Source\\Core\\src\\startup_stm32l431xx.s
      At line 265 in file Source\\Core\\src\\startup_stm32l431xx.s

DMA1_Channel4_IRQHandler 0000001A

Symbol: DMA1_Channel4_IRQHandler
   Definitions
      At line 331 in file Source\\Core\\src\\startup_stm32l431xx.s
   Uses
      At line 117 in file Source\\Core\\src\\startup_stm32l431xx.s
      At line 266 in file Source\\Core\\src\\startup_stm32l431xx.s

DMA1_Channel5_IRQHandler 0000001A




ARM Macro Assembler    Page 3 Alphabetic symbol ordering
Relocatable symbols

Symbol: DMA1_Channel5_IRQHandler
   Definitions
      At line 332 in file Source\\Core\\src\\startup_stm32l431xx.s
   Uses
      At line 118 in file Source\\Core\\src\\startup_stm32l431xx.s
      At line 267 in file Source\\Core\\src\\startup_stm32l431xx.s

DMA1_Channel6_IRQHandler 0000001A

Symbol: DMA1_Channel6_IRQHandler
   Definitions
      At line 333 in file Source\\Core\\src\\startup_stm32l431xx.s
   Uses
      At line 119 in file Source\\Core\\src\\startup_stm32l431xx.s
      At line 268 in file Source\\Core\\src\\startup_stm32l431xx.s

DMA1_Channel7_IRQHandler 0000001A

Symbol: DMA1_Channel7_IRQHandler
   Definitions
      At line 334 in file Source\\Core\\src\\startup_stm32l431xx.s
   Uses
      At line 120 in file Source\\Core\\src\\startup_stm32l431xx.s
      At line 269 in file Source\\Core\\src\\startup_stm32l431xx.s

DMA2_Channel1_IRQHandler 0000001A

Symbol: DMA2_Channel1_IRQHandler
   Definitions
      At line 361 in file Source\\Core\\src\\startup_stm32l431xx.s
   Uses
      At line 159 in file Source\\Core\\src\\startup_stm32l431xx.s
      At line 296 in file Source\\Core\\src\\startup_stm32l431xx.s

DMA2_Channel2_IRQHandler 0000001A

Symbol: DMA2_Channel2_IRQHandler
   Definitions
      At line 362 in file Source\\Core\\src\\startup_stm32l431xx.s
   Uses
      At line 160 in file Source\\Core\\src\\startup_stm32l431xx.s
      At line 297 in file Source\\Core\\src\\startup_stm32l431xx.s

DMA2_Channel3_IRQHandler 0000001A

Symbol: DMA2_Channel3_IRQHandler
   Definitions
      At line 363 in file Source\\Core\\src\\startup_stm32l431xx.s
   Uses
      At line 161 in file Source\\Core\\src\\startup_stm32l431xx.s
      At line 298 in file Source\\Core\\src\\startup_stm32l431xx.s

DMA2_Channel4_IRQHandler 0000001A

Symbol: DMA2_Channel4_IRQHandler
   Definitions
      At line 364 in file Source\\Core\\src\\startup_stm32l431xx.s
   Uses
      At line 162 in file Source\\Core\\src\\startup_stm32l431xx.s



ARM Macro Assembler    Page 4 Alphabetic symbol ordering
Relocatable symbols

      At line 299 in file Source\\Core\\src\\startup_stm32l431xx.s

DMA2_Channel5_IRQHandler 0000001A

Symbol: DMA2_Channel5_IRQHandler
   Definitions
      At line 365 in file Source\\Core\\src\\startup_stm32l431xx.s
   Uses
      At line 163 in file Source\\Core\\src\\startup_stm32l431xx.s
      At line 300 in file Source\\Core\\src\\startup_stm32l431xx.s

DMA2_Channel6_IRQHandler 0000001A

Symbol: DMA2_Channel6_IRQHandler
   Definitions
      At line 369 in file Source\\Core\\src\\startup_stm32l431xx.s
   Uses
      At line 171 in file Source\\Core\\src\\startup_stm32l431xx.s
      At line 304 in file Source\\Core\\src\\startup_stm32l431xx.s

DMA2_Channel7_IRQHandler 0000001A

Symbol: DMA2_Channel7_IRQHandler
   Definitions
      At line 370 in file Source\\Core\\src\\startup_stm32l431xx.s
   Uses
      At line 172 in file Source\\Core\\src\\startup_stm32l431xx.s
      At line 305 in file Source\\Core\\src\\startup_stm32l431xx.s

DebugMon_Handler 00000014

Symbol: DebugMon_Handler
   Definitions
      At line 236 in file Source\\Core\\src\\startup_stm32l431xx.s
   Uses
      At line 97 in file Source\\Core\\src\\startup_stm32l431xx.s
      At line 238 in file Source\\Core\\src\\startup_stm32l431xx.s

Default_Handler 0000001A

Symbol: Default_Handler
   Definitions
      At line 250 in file Source\\Core\\src\\startup_stm32l431xx.s
   Uses
      None
Comment: Default_Handler unused
EXTI0_IRQHandler 0000001A

Symbol: EXTI0_IRQHandler
   Definitions
      At line 323 in file Source\\Core\\src\\startup_stm32l431xx.s
   Uses
      At line 109 in file Source\\Core\\src\\startup_stm32l431xx.s
      At line 258 in file Source\\Core\\src\\startup_stm32l431xx.s

EXTI15_10_IRQHandler 0000001A

Symbol: EXTI15_10_IRQHandler
   Definitions



ARM Macro Assembler    Page 5 Alphabetic symbol ordering
Relocatable symbols

      At line 355 in file Source\\Core\\src\\startup_stm32l431xx.s
   Uses
      At line 143 in file Source\\Core\\src\\startup_stm32l431xx.s
      At line 290 in file Source\\Core\\src\\startup_stm32l431xx.s

EXTI1_IRQHandler 0000001A

Symbol: EXTI1_IRQHandler
   Definitions
      At line 324 in file Source\\Core\\src\\startup_stm32l431xx.s
   Uses
      At line 110 in file Source\\Core\\src\\startup_stm32l431xx.s
      At line 259 in file Source\\Core\\src\\startup_stm32l431xx.s

EXTI2_IRQHandler 0000001A

Symbol: EXTI2_IRQHandler
   Definitions
      At line 325 in file Source\\Core\\src\\startup_stm32l431xx.s
   Uses
      At line 111 in file Source\\Core\\src\\startup_stm32l431xx.s
      At line 260 in file Source\\Core\\src\\startup_stm32l431xx.s

EXTI3_IRQHandler 0000001A

Symbol: EXTI3_IRQHandler
   Definitions
      At line 326 in file Source\\Core\\src\\startup_stm32l431xx.s
   Uses
      At line 112 in file Source\\Core\\src\\startup_stm32l431xx.s
      At line 261 in file Source\\Core\\src\\startup_stm32l431xx.s

EXTI4_IRQHandler 0000001A

Symbol: EXTI4_IRQHandler
   Definitions
      At line 327 in file Source\\Core\\src\\startup_stm32l431xx.s
   Uses
      At line 113 in file Source\\Core\\src\\startup_stm32l431xx.s
      At line 262 in file Source\\Core\\src\\startup_stm32l431xx.s

EXTI9_5_IRQHandler 0000001A

Symbol: EXTI9_5_IRQHandler
   Definitions
      At line 340 in file Source\\Core\\src\\startup_stm32l431xx.s
   Uses
      At line 126 in file Source\\Core\\src\\startup_stm32l431xx.s
      At line 275 in file Source\\Core\\src\\startup_stm32l431xx.s

FLASH_IRQHandler 0000001A

Symbol: FLASH_IRQHandler
   Definitions
      At line 321 in file Source\\Core\\src\\startup_stm32l431xx.s
   Uses
      At line 107 in file Source\\Core\\src\\startup_stm32l431xx.s
      At line 256 in file Source\\Core\\src\\startup_stm32l431xx.s




ARM Macro Assembler    Page 6 Alphabetic symbol ordering
Relocatable symbols

FPU_IRQHandler 0000001A

Symbol: FPU_IRQHandler
   Definitions
      At line 379 in file Source\\Core\\src\\startup_stm32l431xx.s
   Uses
      At line 184 in file Source\\Core\\src\\startup_stm32l431xx.s
      At line 314 in file Source\\Core\\src\\startup_stm32l431xx.s

HardFault_Handler 0000000A

Symbol: HardFault_Handler
   Definitions
      At line 212 in file Source\\Core\\src\\startup_stm32l431xx.s
   Uses
      At line 88 in file Source\\Core\\src\\startup_stm32l431xx.s
      At line 214 in file Source\\Core\\src\\startup_stm32l431xx.s

I2C1_ER_IRQHandler 0000001A

Symbol: I2C1_ER_IRQHandler
   Definitions
      At line 347 in file Source\\Core\\src\\startup_stm32l431xx.s
   Uses
      At line 135 in file Source\\Core\\src\\startup_stm32l431xx.s
      At line 282 in file Source\\Core\\src\\startup_stm32l431xx.s

I2C1_EV_IRQHandler 0000001A

Symbol: I2C1_EV_IRQHandler
   Definitions
      At line 346 in file Source\\Core\\src\\startup_stm32l431xx.s
   Uses
      At line 134 in file Source\\Core\\src\\startup_stm32l431xx.s
      At line 281 in file Source\\Core\\src\\startup_stm32l431xx.s

I2C2_ER_IRQHandler 0000001A

Symbol: I2C2_ER_IRQHandler
   Definitions
      At line 349 in file Source\\Core\\src\\startup_stm32l431xx.s
   Uses
      At line 137 in file Source\\Core\\src\\startup_stm32l431xx.s
      At line 284 in file Source\\Core\\src\\startup_stm32l431xx.s

I2C2_EV_IRQHandler 0000001A

Symbol: I2C2_EV_IRQHandler
   Definitions
      At line 348 in file Source\\Core\\src\\startup_stm32l431xx.s
   Uses
      At line 136 in file Source\\Core\\src\\startup_stm32l431xx.s
      At line 283 in file Source\\Core\\src\\startup_stm32l431xx.s

I2C3_ER_IRQHandler 0000001A

Symbol: I2C3_ER_IRQHandler
   Definitions
      At line 374 in file Source\\Core\\src\\startup_stm32l431xx.s



ARM Macro Assembler    Page 7 Alphabetic symbol ordering
Relocatable symbols

   Uses
      At line 176 in file Source\\Core\\src\\startup_stm32l431xx.s
      At line 309 in file Source\\Core\\src\\startup_stm32l431xx.s

I2C3_EV_IRQHandler 0000001A

Symbol: I2C3_EV_IRQHandler
   Definitions
      At line 373 in file Source\\Core\\src\\startup_stm32l431xx.s
   Uses
      At line 175 in file Source\\Core\\src\\startup_stm32l431xx.s
      At line 308 in file Source\\Core\\src\\startup_stm32l431xx.s

LPTIM1_IRQHandler 0000001A

Symbol: LPTIM1_IRQHandler
   Definitions
      At line 367 in file Source\\Core\\src\\startup_stm32l431xx.s
   Uses
      At line 168 in file Source\\Core\\src\\startup_stm32l431xx.s
      At line 302 in file Source\\Core\\src\\startup_stm32l431xx.s

LPTIM2_IRQHandler 0000001A

Symbol: LPTIM2_IRQHandler
   Definitions
      At line 368 in file Source\\Core\\src\\startup_stm32l431xx.s
   Uses
      At line 169 in file Source\\Core\\src\\startup_stm32l431xx.s
      At line 303 in file Source\\Core\\src\\startup_stm32l431xx.s

LPUART1_IRQHandler 0000001A

Symbol: LPUART1_IRQHandler
   Definitions
      At line 371 in file Source\\Core\\src\\startup_stm32l431xx.s
   Uses
      At line 173 in file Source\\Core\\src\\startup_stm32l431xx.s
      At line 306 in file Source\\Core\\src\\startup_stm32l431xx.s

MemManage_Handler 0000000C

Symbol: MemManage_Handler
   Definitions
      At line 217 in file Source\\Core\\src\\startup_stm32l431xx.s
   Uses
      At line 89 in file Source\\Core\\src\\startup_stm32l431xx.s
      At line 219 in file Source\\Core\\src\\startup_stm32l431xx.s

NMI_Handler 00000008

Symbol: NMI_Handler
   Definitions
      At line 208 in file Source\\Core\\src\\startup_stm32l431xx.s
   Uses
      At line 87 in file Source\\Core\\src\\startup_stm32l431xx.s
      At line 209 in file Source\\Core\\src\\startup_stm32l431xx.s

PVD_PVM_IRQHandler 0000001A



ARM Macro Assembler    Page 8 Alphabetic symbol ordering
Relocatable symbols


Symbol: PVD_PVM_IRQHandler
   Definitions
      At line 318 in file Source\\Core\\src\\startup_stm32l431xx.s
   Uses
      At line 104 in file Source\\Core\\src\\startup_stm32l431xx.s
      At line 253 in file Source\\Core\\src\\startup_stm32l431xx.s

PendSV_Handler 00000016

Symbol: PendSV_Handler
   Definitions
      At line 241 in file Source\\Core\\src\\startup_stm32l431xx.s
   Uses
      At line 99 in file Source\\Core\\src\\startup_stm32l431xx.s
      At line 242 in file Source\\Core\\src\\startup_stm32l431xx.s

QUADSPI_IRQHandler 0000001A

Symbol: QUADSPI_IRQHandler
   Definitions
      At line 372 in file Source\\Core\\src\\startup_stm32l431xx.s
   Uses
      At line 174 in file Source\\Core\\src\\startup_stm32l431xx.s
      At line 307 in file Source\\Core\\src\\startup_stm32l431xx.s

RCC_IRQHandler 0000001A

Symbol: RCC_IRQHandler
   Definitions
      At line 322 in file Source\\Core\\src\\startup_stm32l431xx.s
   Uses
      At line 108 in file Source\\Core\\src\\startup_stm32l431xx.s
      At line 257 in file Source\\Core\\src\\startup_stm32l431xx.s

RNG_IRQHandler 0000001A

Symbol: RNG_IRQHandler
   Definitions
      At line 378 in file Source\\Core\\src\\startup_stm32l431xx.s
   Uses
      At line 183 in file Source\\Core\\src\\startup_stm32l431xx.s
      At line 313 in file Source\\Core\\src\\startup_stm32l431xx.s

RTC_Alarm_IRQHandler 0000001A

Symbol: RTC_Alarm_IRQHandler
   Definitions
      At line 356 in file Source\\Core\\src\\startup_stm32l431xx.s
   Uses
      At line 144 in file Source\\Core\\src\\startup_stm32l431xx.s
      At line 291 in file Source\\Core\\src\\startup_stm32l431xx.s

RTC_WKUP_IRQHandler 0000001A

Symbol: RTC_WKUP_IRQHandler
   Definitions
      At line 320 in file Source\\Core\\src\\startup_stm32l431xx.s
   Uses



ARM Macro Assembler    Page 9 Alphabetic symbol ordering
Relocatable symbols

      At line 106 in file Source\\Core\\src\\startup_stm32l431xx.s
      At line 255 in file Source\\Core\\src\\startup_stm32l431xx.s

Reset_Handler 00000000

Symbol: Reset_Handler
   Definitions
      At line 195 in file Source\\Core\\src\\startup_stm32l431xx.s
   Uses
      At line 86 in file Source\\Core\\src\\startup_stm32l431xx.s
      At line 196 in file Source\\Core\\src\\startup_stm32l431xx.s

SAI1_IRQHandler 0000001A

Symbol: SAI1_IRQHandler
   Definitions
      At line 375 in file Source\\Core\\src\\startup_stm32l431xx.s
   Uses
      At line 177 in file Source\\Core\\src\\startup_stm32l431xx.s
      At line 310 in file Source\\Core\\src\\startup_stm32l431xx.s

SDMMC1_IRQHandler 0000001A

Symbol: SDMMC1_IRQHandler
   Definitions
      At line 357 in file Source\\Core\\src\\startup_stm32l431xx.s
   Uses
      At line 152 in file Source\\Core\\src\\startup_stm32l431xx.s
      At line 292 in file Source\\Core\\src\\startup_stm32l431xx.s

SPI1_IRQHandler 0000001A

Symbol: SPI1_IRQHandler
   Definitions
      At line 350 in file Source\\Core\\src\\startup_stm32l431xx.s
   Uses
      At line 138 in file Source\\Core\\src\\startup_stm32l431xx.s
      At line 285 in file Source\\Core\\src\\startup_stm32l431xx.s

SPI2_IRQHandler 0000001A

Symbol: SPI2_IRQHandler
   Definitions
      At line 351 in file Source\\Core\\src\\startup_stm32l431xx.s
   Uses
      At line 139 in file Source\\Core\\src\\startup_stm32l431xx.s
      At line 286 in file Source\\Core\\src\\startup_stm32l431xx.s

SPI3_IRQHandler 0000001A

Symbol: SPI3_IRQHandler
   Definitions
      At line 358 in file Source\\Core\\src\\startup_stm32l431xx.s
   Uses
      At line 154 in file Source\\Core\\src\\startup_stm32l431xx.s
      At line 293 in file Source\\Core\\src\\startup_stm32l431xx.s

SVC_Handler 00000012




ARM Macro Assembler    Page 10 Alphabetic symbol ordering
Relocatable symbols

Symbol: SVC_Handler
   Definitions
      At line 232 in file Source\\Core\\src\\startup_stm32l431xx.s
   Uses
      At line 96 in file Source\\Core\\src\\startup_stm32l431xx.s
      At line 233 in file Source\\Core\\src\\startup_stm32l431xx.s

SWPMI1_IRQHandler 0000001A

Symbol: SWPMI1_IRQHandler
   Definitions
      At line 376 in file Source\\Core\\src\\startup_stm32l431xx.s
   Uses
      At line 179 in file Source\\Core\\src\\startup_stm32l431xx.s
      At line 311 in file Source\\Core\\src\\startup_stm32l431xx.s

SysTick_Handler 00000018

Symbol: SysTick_Handler
   Definitions
      At line 245 in file Source\\Core\\src\\startup_stm32l431xx.s
   Uses
      At line 100 in file Source\\Core\\src\\startup_stm32l431xx.s
      At line 246 in file Source\\Core\\src\\startup_stm32l431xx.s

TAMP_STAMP_IRQHandler 0000001A

Symbol: TAMP_STAMP_IRQHandler
   Definitions
      At line 319 in file Source\\Core\\src\\startup_stm32l431xx.s
   Uses
      At line 105 in file Source\\Core\\src\\startup_stm32l431xx.s
      At line 254 in file Source\\Core\\src\\startup_stm32l431xx.s

TIM1_BRK_TIM15_IRQHandler 0000001A

Symbol: TIM1_BRK_TIM15_IRQHandler
   Definitions
      At line 341 in file Source\\Core\\src\\startup_stm32l431xx.s
   Uses
      At line 127 in file Source\\Core\\src\\startup_stm32l431xx.s
      At line 276 in file Source\\Core\\src\\startup_stm32l431xx.s

TIM1_CC_IRQHandler 0000001A

Symbol: TIM1_CC_IRQHandler
   Definitions
      At line 344 in file Source\\Core\\src\\startup_stm32l431xx.s
   Uses
      At line 130 in file Source\\Core\\src\\startup_stm32l431xx.s
      At line 279 in file Source\\Core\\src\\startup_stm32l431xx.s

TIM1_TRG_COM_IRQHandler 0000001A

Symbol: TIM1_TRG_COM_IRQHandler
   Definitions
      At line 343 in file Source\\Core\\src\\startup_stm32l431xx.s
   Uses
      At line 129 in file Source\\Core\\src\\startup_stm32l431xx.s



ARM Macro Assembler    Page 11 Alphabetic symbol ordering
Relocatable symbols

      At line 278 in file Source\\Core\\src\\startup_stm32l431xx.s

TIM1_UP_TIM16_IRQHandler 0000001A

Symbol: TIM1_UP_TIM16_IRQHandler
   Definitions
      At line 342 in file Source\\Core\\src\\startup_stm32l431xx.s
   Uses
      At line 128 in file Source\\Core\\src\\startup_stm32l431xx.s
      At line 277 in file Source\\Core\\src\\startup_stm32l431xx.s

TIM2_IRQHandler 0000001A

Symbol: TIM2_IRQHandler
   Definitions
      At line 345 in file Source\\Core\\src\\startup_stm32l431xx.s
   Uses
      At line 131 in file Source\\Core\\src\\startup_stm32l431xx.s
      At line 280 in file Source\\Core\\src\\startup_stm32l431xx.s

TIM6_DAC_IRQHandler 0000001A

Symbol: TIM6_DAC_IRQHandler
   Definitions
      At line 359 in file Source\\Core\\src\\startup_stm32l431xx.s
   Uses
      At line 157 in file Source\\Core\\src\\startup_stm32l431xx.s
      At line 294 in file Source\\Core\\src\\startup_stm32l431xx.s

TIM7_IRQHandler 0000001A

Symbol: TIM7_IRQHandler
   Definitions
      At line 360 in file Source\\Core\\src\\startup_stm32l431xx.s
   Uses
      At line 158 in file Source\\Core\\src\\startup_stm32l431xx.s
      At line 295 in file Source\\Core\\src\\startup_stm32l431xx.s

TSC_IRQHandler 0000001A

Symbol: TSC_IRQHandler
   Definitions
      At line 377 in file Source\\Core\\src\\startup_stm32l431xx.s
   Uses
      At line 180 in file Source\\Core\\src\\startup_stm32l431xx.s
      At line 312 in file Source\\Core\\src\\startup_stm32l431xx.s

USART1_IRQHandler 0000001A

Symbol: USART1_IRQHandler
   Definitions
      At line 352 in file Source\\Core\\src\\startup_stm32l431xx.s
   Uses
      At line 140 in file Source\\Core\\src\\startup_stm32l431xx.s
      At line 287 in file Source\\Core\\src\\startup_stm32l431xx.s

USART2_IRQHandler 0000001A

Symbol: USART2_IRQHandler



ARM Macro Assembler    Page 12 Alphabetic symbol ordering
Relocatable symbols

   Definitions
      At line 353 in file Source\\Core\\src\\startup_stm32l431xx.s
   Uses
      At line 141 in file Source\\Core\\src\\startup_stm32l431xx.s
      At line 288 in file Source\\Core\\src\\startup_stm32l431xx.s

USART3_IRQHandler 0000001A

Symbol: USART3_IRQHandler
   Definitions
      At line 354 in file Source\\Core\\src\\startup_stm32l431xx.s
   Uses
      At line 142 in file Source\\Core\\src\\startup_stm32l431xx.s
      At line 289 in file Source\\Core\\src\\startup_stm32l431xx.s

UsageFault_Handler 00000010

Symbol: UsageFault_Handler
   Definitions
      At line 227 in file Source\\Core\\src\\startup_stm32l431xx.s
   Uses
      At line 91 in file Source\\Core\\src\\startup_stm32l431xx.s
      At line 229 in file Source\\Core\\src\\startup_stm32l431xx.s

WWDG_IRQHandler 0000001A

Symbol: WWDG_IRQHandler
   Definitions
      At line 317 in file Source\\Core\\src\\startup_stm32l431xx.s
   Uses
      At line 103 in file Source\\Core\\src\\startup_stm32l431xx.s
      At line 252 in file Source\\Core\\src\\startup_stm32l431xx.s

76 symbols



ARM Macro Assembler    Page 1 Alphabetic symbol ordering
Absolute symbols

Heap_Size 00000200

Symbol: Heap_Size
   Definitions
      At line 67 in file Source\\Core\\src\\startup_stm32l431xx.s
   Uses
      At line 71 in file Source\\Core\\src\\startup_stm32l431xx.s
Comment: Heap_Size used once
Stack_Size 00003000

Symbol: Stack_Size
   Definitions
      At line 55 in file Source\\Core\\src\\startup_stm32l431xx.s
   Uses
      At line 59 in file Source\\Core\\src\\startup_stm32l431xx.s
Comment: Stack_Size used once
__Vectors_Size 0000018C

Symbol: __Vectors_Size
   Definitions
      At line 190 in file Source\\Core\\src\\startup_stm32l431xx.s
   Uses
      At line 83 in file Source\\Core\\src\\startup_stm32l431xx.s
Comment: __Vectors_Size used once
3 symbols



ARM Macro Assembler    Page 1 Alphabetic symbol ordering
External symbols

Load$$LR$$LR_IROM1$$Base 00000000

Symbol: Load$$LR$$LR_IROM1$$Base
   Definitions
      At line 47 in file Source\\Core\\src\\startup_stm32l431xx.s
   Uses
      At line 92 in file Source\\Core\\src\\startup_stm32l431xx.s
Comment: Load$$LR$$LR_IROM1$$Base used once
Load$$LR$$LR_IROM1$$Length 00000000

Symbol: Load$$LR$$LR_IROM1$$Length
   Definitions
      At line 48 in file Source\\Core\\src\\startup_stm32l431xx.s
   Uses
      At line 93 in file Source\\Core\\src\\startup_stm32l431xx.s
Comment: Load$$LR$$LR_IROM1$$Length used once
Load$$LR$$LR_IROM4$$Base 00000000

Symbol: Load$$LR$$LR_IROM4$$Base
   Definitions
      At line 50 in file Source\\Core\\src\\startup_stm32l431xx.s
   Uses
      At line 95 in file Source\\Core\\src\\startup_stm32l431xx.s
Comment: Load$$LR$$LR_IROM4$$Base used once
SystemInit 00000000

Symbol: SystemInit
   Definitions
      At line 197 in file Source\\Core\\src\\startup_stm32l431xx.s
   Uses
      At line 200 in file Source\\Core\\src\\startup_stm32l431xx.s
Comment: SystemInit used once
__main 00000000

Symbol: __main
   Definitions
      At line 198 in file Source\\Core\\src\\startup_stm32l431xx.s
   Uses
      At line 202 in file Source\\Core\\src\\startup_stm32l431xx.s
Comment: __main used once
5 symbols
430 symbols in table
